#
# There is insufficient memory for the Java Runtime Environment to continue.
# Native memory allocation (malloc) failed to allocate 828336 bytes for Chunk::new
# Possible reasons:
#   The system is out of physical RAM or swap space
#   The process is running with CompressedOops enabled, and the Java Heap may be blocking the growth of the native heap
# Possible solutions:
#   Reduce memory load on the system
#   Increase physical memory or swap space
#   Check if swap backing store is full
#   Decrease Java heap size (-Xmx/-Xms)
#   Decrease number of Java threads
#   Decrease Java thread stack sizes (-Xss)
#   Set larger code cache with -XX:ReservedCodeCacheSize=
#   JVM is running with Zero Based Compressed Oops mode in which the Java heap is
#     placed in the first 32GB address space. The Java Heap base address is the
#     maximum limit for the native heap growth. Please use -XX:HeapBaseMinAddress
#     to set the Java Heap base and to place the Java Heap above 32GB virtual address.
# This output file may be truncated or incomplete.
#
#  Out of Memory Error (allocation.cpp:389), pid=113340, tid=0x0000000000015070
#
# JRE version: OpenJDK Runtime Environment (8.0_265-b01) (build 1.8.0_265-b01)
# Java VM: OpenJDK 64-Bit Server VM (25.265-b01 mixed mode windows-amd64 compressed oops)
# Failed to write core dump. Minidumps are not enabled by default on client versions of Windows
#

---------------  T H R E A D  ---------------

Current thread (0x000000001d3db000):  JavaThread "C2 CompilerThread2" daemon [_thread_in_native, id=86128, stack(0x000000001ec30000,0x000000001ed30000)]

Stack: [0x000000001ec30000,0x000000001ed30000]
[error occurred during error reporting (printing stack bounds), id 0xc0000005]

Native frames: (J=compiled Java code, j=interpreted, Vv=VM code, C=native code)


Current CompileTask:
C2:   1268 1580       4       java.net.URLClassLoader$1::run (5 bytes)


---------------  P R O C E S S  ---------------

Java Threads: ( => current thread )
  0x000000001d471000 JavaThread "Service Thread" daemon [_thread_blocked, id=104760, stack(0x000000001ee30000,0x000000001ef30000)]
  0x000000001d3e0000 JavaThread "C1 CompilerThread3" daemon [_thread_in_vm, id=115836, stack(0x000000001ed30000,0x000000001ee30000)]
=>0x000000001d3db000 JavaThread "C2 CompilerThread2" daemon [_thread_in_native, id=86128, stack(0x000000001ec30000,0x000000001ed30000)]
  0x000000001d3d6000 JavaThread "C2 CompilerThread1" daemon [_thread_in_native, id=115880, stack(0x000000001eb30000,0x000000001ec30000)]
  0x000000001d3d3800 JavaThread "C2 CompilerThread0" daemon [_thread_in_native, id=116448, stack(0x000000001ea30000,0x000000001eb30000)]
  0x000000001d3d1000 JavaThread "Monitor Ctrl-Break" daemon [_thread_in_native, id=115148, stack(0x000000001e930000,0x000000001ea30000)]
  0x000000001d382000 JavaThread "Attach Listener" daemon [_thread_blocked, id=103864, stack(0x000000001e830000,0x000000001e930000)]
  0x000000001d390000 JavaThread "Signal Dispatcher" daemon [_thread_blocked, id=116088, stack(0x000000001e730000,0x000000001e830000)]
  0x000000001c35a000 JavaThread "Finalizer" daemon [_thread_blocked, id=107688, stack(0x000000001e630000,0x000000001e730000)]
  0x000000001c358800 JavaThread "Reference Handler" daemon [_thread_blocked, id=116312, stack(0x000000001e530000,0x000000001e630000)]
  0x000000000275e000 JavaThread "main" [_thread_in_Java, id=115100, stack(0x0000000002150000,0x0000000002250000)]

Other Threads:
  0x000000001d305000 VMThread [stack: 0x000000001e430000,0x000000001e530000] [id=109888]
  0x000000001d472800 WatcherThread [stack: 0x000000001ef30000,0x000000001f030000] [id=114040]

VM state:not at safepoint (normal execution)

VM Mutex/Monitor currently owned by a thread: None

heap address: 0x00000006c1c00000, size: 4068 MB, Compressed Oops mode: Zero based, Oop shift amount: 3
Narrow klass base: 0x0000000000000000, Narrow klass shift: 3
Compressed class space size: 1073741824 Address: 0x00000007c0000000

Heap:
 PSYoungGen      total 76288K, used 42727K [0x000000076b400000, 0x0000000770900000, 0x00000007c0000000)
  eden space 65536K, 51% used [0x000000076b400000,0x000000076d4feb10,0x000000076f400000)
  from space 10752K, 83% used [0x000000076f400000,0x000000076fcbb488,0x000000076fe80000)
  to   space 10752K, 0% used [0x000000076fe80000,0x000000076fe80000,0x0000000770900000)
 ParOldGen       total 175104K, used 16K [0x00000006c1c00000, 0x00000006cc700000, 0x000000076b400000)
  object space 175104K, 0% used [0x00000006c1c00000,0x00000006c1c04000,0x00000006cc700000)
 Metaspace       used 15208K, capacity 15464K, committed 15744K, reserved 1062912K
  class space    used 1796K, capacity 1876K, committed 1920K, reserved 1048576K

Card table byte_map: [0x0000000011cf0000,0x00000000124f0000] byte_map_base: 0x000000000e6e2000

Marking Bits: (ParMarkBitMap*) 0x000000005961ded0
 Begin Bits: [0x0000000013240000, 0x00000000171d0000)
 End Bits:   [0x00000000171d0000, 0x000000001b160000)

Polling page: 0x0000000000930000

CodeCache: size=245760Kb used=5730Kb max_used=5741Kb free=240029Kb
 bounds [0x0000000002930000, 0x0000000002ee0000, 0x0000000011930000]
 total_blobs=1979 nmethods=1621 adapters=270
 compilation: enabled

Compilation events (250 events):
Event: 1.171 Thread 0x000000001d3e0000 nmethod 1493 0x0000000002e7e2d0 code [0x0000000002e7e480, 0x0000000002e7eb18]
Event: 1.171 Thread 0x000000001d3e0000 1495       3       com.google.inject.Key::getAnnotation (10 bytes)
Event: 1.171 Thread 0x000000001d3e0000 nmethod 1495 0x0000000002e7ed10 code [0x0000000002e7ee80, 0x0000000002e7f0a8]
Event: 1.171 Thread 0x000000001d3e0000 1494       3       org.eclipse.sisu.inject.QualifyingStrategy::qualify (53 bytes)
Event: 1.171 Thread 0x000000001d3d3800 nmethod 1471 0x0000000002e7f150 code [0x0000000002e7f2e0, 0x0000000002e7f898]
Event: 1.171 Thread 0x000000001d3e0000 nmethod 1494 0x0000000002e7fbd0 code [0x0000000002e7fda0, 0x0000000002e807e8]
Event: 1.171 Thread 0x000000001d3e0000 1496       3       com.google.inject.Scopes$2::visitNoScoping (5 bytes)
Event: 1.171 Thread 0x000000001d3e0000 nmethod 1496 0x0000000002e7a910 code [0x0000000002e7aa80, 0x0000000002e7ad10]
Event: 1.171 Thread 0x000000001d3e0000 1498       3       org.eclipse.sisu.inject.RankedSequence$Itr::hasNext (114 bytes)
Event: 1.171 Thread 0x000000001d3e0000 nmethod 1498 0x0000000002e7da10 code [0x0000000002e7dba0, 0x0000000002e7e108]
Event: 1.171 Thread 0x000000001d3e0000 1501       3       org.eclipse.sisu.inject.LocatedBeans$Itr::hasNext (161 bytes)
Event: 1.172 Thread 0x000000001d3e0000 nmethod 1501 0x0000000002e80a10 code [0x0000000002e80c40, 0x0000000002e81c48]
Event: 1.172 Thread 0x000000001d3e0000 1497       3       com.google.inject.Scopes$2::visitNoScoping (5 bytes)
Event: 1.172 Thread 0x000000001d3db000 1504       4       java.lang.ReflectiveOperationException::<init> (7 bytes)
Event: 1.172 Thread 0x000000001d3e0000 nmethod 1497 0x0000000002e7d610 code [0x0000000002e7d780, 0x0000000002e7d950]
Event: 1.172 Thread 0x000000001d3e0000 1499       3       java.lang.Long::hashCode (8 bytes)
Event: 1.172 Thread 0x000000001d3d3800 1505       4       org.eclipse.sisu.inject.InjectorBindings::isAssignableFrom (28 bytes)
Event: 1.172 Thread 0x000000001d3e0000 nmethod 1499 0x0000000002e821d0 code [0x0000000002e82320, 0x0000000002e824f0]
Event: 1.172 Thread 0x000000001d3e0000 1500       3       java.lang.Long::hashCode (8 bytes)
Event: 1.172 Thread 0x000000001d3e0000 nmethod 1500 0x0000000002e7a5d0 code [0x0000000002e7a720, 0x0000000002e7a870]
Event: 1.172 Thread 0x000000001d3e0000 1502       3       com.google.inject.internal.ProvisionListenerStackCallback$Provision::getBinding (8 bytes)
Event: 1.172 Thread 0x000000001d3e0000 nmethod 1502 0x0000000002e82590 code [0x0000000002e826e0, 0x0000000002e82850]
Event: 1.172 Thread 0x000000001d3e0000 1503       3       com.google.inject.internal.InternalContext::getConstructionContext (40 bytes)
Event: 1.172 Thread 0x000000001d3e0000 nmethod 1503 0x0000000002e82910 code [0x0000000002e82aa0, 0x0000000002e82fd8]
Event: 1.173 Thread 0x000000001d3d6000 1506       4       org.eclipse.sisu.inject.TypeArguments::isAssignableFrom (158 bytes)
Event: 1.173 Thread 0x000000001d3e0000 1507       3       com.google.common.collect.LinkedHashMultimap$ValueEntry::setSuccessorInValueSet (6 bytes)
Event: 1.173 Thread 0x000000001d3e0000 nmethod 1507 0x0000000002e83190 code [0x0000000002e832e0, 0x0000000002e83450]
Event: 1.173 Thread 0x000000001d3e0000 1508       3       com.google.common.collect.LinkedHashMultimap$ValueSet::contains (42 bytes)
Event: 1.173 Thread 0x000000001d3db000 nmethod 1504 0x0000000002e86450 code [0x0000000002e865a0, 0x0000000002e86908]
Event: 1.173 Thread 0x000000001d3e0000 nmethod 1508 0x0000000002e85510 code [0x0000000002e856e0, 0x0000000002e86098]
Event: 1.174 Thread 0x000000001d3d6000 nmethod 1506 0x0000000002e83bd0 code [0x0000000002e83d20, 0x0000000002e83e78]
Event: 1.174 Thread 0x000000001d3d3800 nmethod 1505 0x0000000002e87b10 code [0x0000000002e87c80, 0x0000000002e87f28]
Event: 1.174 Thread 0x000000001d3e0000 1509       3       java.util.concurrent.atomic.AtomicReference::compareAndSet (13 bytes)
Event: 1.175 Thread 0x000000001d3e0000 nmethod 1509 0x0000000002e83890 code [0x0000000002e839e0, 0x0000000002e83b70]
Event: 1.175 Thread 0x000000001d3e0000 1510       3       com.google.inject.internal.InternalFactoryToInitializableAdapter::get (23 bytes)
Event: 1.175 Thread 0x000000001d3db000 1512       4       sun.reflect.ClassFileAssembler::emitByte (11 bytes)
Event: 1.175 Thread 0x000000001d3e0000 nmethod 1510 0x0000000002e87450 code [0x0000000002e875e0, 0x0000000002e879d8]
Event: 1.175 Thread 0x000000001d3e0000 1511   !   3       com.google.inject.internal.ProviderInternalFactory::circularGet (124 bytes)
Event: 1.175 Thread 0x000000001d3e0000 nmethod 1511 0x0000000002e884d0 code [0x0000000002e886c0, 0x0000000002e89758]
Event: 1.175 Thread 0x000000001d3e0000 1513   !   3       com.google.inject.internal.InternalFactoryToProviderAdapter::get (49 bytes)
Event: 1.175 Thread 0x000000001d3d6000 1515  s    4       java.lang.StringBuffer::append (13 bytes)
Event: 1.176 Thread 0x000000001d3e0000 nmethod 1513 0x0000000002e86c10 code [0x0000000002e86da0, 0x0000000002e87238]
Event: 1.176 Thread 0x000000001d3e0000 1514   !   3       com.google.inject.internal.SingletonScope$1::get (425 bytes)
Event: 1.176 Thread 0x000000001d3db000 nmethod 1512 0x0000000002e8b510 code [0x0000000002e8b660, 0x0000000002e8b7a8]
Event: 1.178 Thread 0x000000001d3e0000 nmethod 1514 0x0000000002e8b950 code [0x0000000002e8bea0, 0x0000000002e8f4f8]
Event: 1.178 Thread 0x000000001d3e0000 1520   !   3       org.eclipse.sisu.bean.BeanScheduler$CycleActivator::onProvision (103 bytes)
Event: 1.179 Thread 0x000000001d3e0000 nmethod 1520 0x0000000002e91e90 code [0x0000000002e92120, 0x0000000002e93888]
Event: 1.179 Thread 0x000000001d3e0000 1518       3       org.eclipse.sisu.inject.DefaultBeanLocator::fetchBindings (87 bytes)
Event: 1.179 Thread 0x000000001d3d3800 1522       4       java.lang.Character::charCount (12 bytes)
Event: 1.179 Thread 0x000000001d3d3800 nmethod 1522 0x0000000002e4a9d0 code [0x0000000002e4ab00, 0x0000000002e4ab58]
Event: 1.180 Thread 0x000000001d3e0000 nmethod 1518 0x0000000002e94090 code [0x0000000002e94320, 0x0000000002e95808]
Event: 1.180 Thread 0x000000001d3e0000 1519       3       org.eclipse.sisu.inject.MildValues::get (27 bytes)
Event: 1.180 Thread 0x000000001d3e0000 nmethod 1519 0x0000000002e8ae50 code [0x0000000002e8afe0, 0x0000000002e8b3f8]
Event: 1.180 Thread 0x000000001d3e0000 1517       3       com.google.inject.Key$AnnotationInstanceStrategy::getAnnotationType (10 bytes)
Event: 1.180 Thread 0x000000001d3e0000 nmethod 1517 0x0000000002e8aa10 code [0x0000000002e8ab80, 0x0000000002e8ada8]
Event: 1.180 Thread 0x000000001d3d6000 nmethod 1515 0x0000000002e89cd0 code [0x0000000002e89e20, 0x0000000002e8a518]
Event: 1.180 Thread 0x000000001d3e0000 1516       3       sun.reflect.ClassFileAssembler::emitConstantPoolMethodref (28 bytes)
Event: 1.180 Thread 0x000000001d3db000 1523       4       java.io.DataOutputStream::writeByte (14 bytes)
Event: 1.180 Thread 0x000000001d3e0000 nmethod 1516 0x0000000002e846d0 code [0x0000000002e848c0, 0x0000000002e84fa8]
Event: 1.180 Thread 0x000000001d3e0000 1521       1       com.google.common.collect.CompactHashMap$MapEntry::getKey (5 bytes)
Event: 1.180 Thread 0x000000001d3e0000 nmethod 1521 0x0000000002e835d0 code [0x0000000002e83720, 0x0000000002e83830]
Event: 1.180 Thread 0x000000001d3e0000 1524       3       sun.misc.ProxyGenerator::access$1000 (7 bytes)
Event: 1.180 Thread 0x000000001d3e0000 nmethod 1524 0x0000000002e84310 code [0x0000000002e84480, 0x0000000002e845e8]
Event: 1.180 Thread 0x000000001d3e0000 1525       3       sun.misc.ProxyGenerator::code_ipush (90 bytes)
Event: 1.181 Thread 0x000000001d3e0000 nmethod 1525 0x0000000002e96790 code [0x0000000002e969e0, 0x0000000002e97a68]
Event: 1.183 Thread 0x000000001d3db000 nmethod 1523 0x0000000002e9b6d0 code [0x0000000002e9b860, 0x0000000002e9c2d8]
Event: 1.185 Thread 0x000000001d3e0000 1526       1       com.google.inject.spi.InjectionPoint::getDeclaringType (5 bytes)
Event: 1.185 Thread 0x000000001d3e0000 nmethod 1526 0x0000000002e84010 code [0x0000000002e84160, 0x0000000002e84270]
Event: 1.186 Thread 0x000000001d3e0000 1527       3       sun.reflect.ReflectionFactory::checkInitted (19 bytes)
Event: 1.186 Thread 0x000000001d3e0000 nmethod 1527 0x0000000002e96250 code [0x0000000002e963c0, 0x0000000002e96688]
Event: 1.186 Thread 0x000000001d3e0000 1529   !   3       com.google.inject.internal.FactoryProxy::get (56 bytes)
Event: 1.186 Thread 0x000000001d3e0000 nmethod 1529 0x0000000002e9abd0 code [0x0000000002e9ad80, 0x0000000002e9b3c8]
Event: 1.186 Thread 0x000000001d3e0000 1530   !   3       com.google.inject.internal.SingleParameterInjector::inject (56 bytes)
Event: 1.186 Thread 0x000000001d3e0000 nmethod 1530 0x0000000002e99e10 code [0x0000000002e99fc0, 0x0000000002e9a848]
Event: 1.186 Thread 0x000000001d3e0000 1532       3       com.google.inject.internal.ConstructionContext::startConstruction (6 bytes)
Event: 1.186 Thread 0x000000001d3e0000 nmethod 1532 0x0000000002e99ad0 code [0x0000000002e99c20, 0x0000000002e99d70]
Event: 1.186 Thread 0x000000001d3e0000 1528       1       com.google.inject.Key$AnnotationTypeStrategy::getAnnotationType (5 bytes)
Event: 1.186 Thread 0x000000001d3e0000 nmethod 1528 0x0000000002e99810 code [0x0000000002e99960, 0x0000000002e99a70]
Event: 1.186 Thread 0x000000001d3e0000 1533       3       org.eclipse.sisu.inject.RankedSequence::safeBinarySearch (77 bytes)
Event: 1.187 Thread 0x000000001d3e0000 nmethod 1533 0x0000000002e99190 code [0x0000000002e99300, 0x0000000002e99650]
Event: 1.187 Thread 0x000000001d3e0000 1534   !   3       org.eclipse.sisu.inject.DefaultBeanLocator::locate (122 bytes)
Event: 1.188 Thread 0x000000001d3d6000 1538       4       java.util.concurrent.atomic.AtomicReferenceArray::checkedByteOffset (45 bytes)
Event: 1.188 Thread 0x000000001d3e0000 nmethod 1534 0x0000000002e9c7d0 code [0x0000000002e9ca60, 0x0000000002e9dd58]
Event: 1.188 Thread 0x000000001d3e0000 1531   !   3       com.google.inject.internal.DefaultConstructionProxyFactory$ReflectiveProxy::newInstance (29 bytes)
Event: 1.188 Thread 0x000000001d3e0000 nmethod 1531 0x0000000002e98a10 code [0x0000000002e98ba0, 0x0000000002e98f68]
Event: 1.188 Thread 0x000000001d3e0000 1535       3       org.eclipse.sisu.inject.LocatedBeans::<init> (36 bytes)
Event: 1.188 Thread 0x000000001d3e0000 nmethod 1535 0x0000000002e98450 code [0x0000000002e985c0, 0x0000000002e988f8]
Event: 1.188 Thread 0x000000001d3e0000 1536       3       org.eclipse.sisu.inject.QualifyingStrategy::selectFor (53 bytes)
Event: 1.188 Thread 0x000000001d3d6000 nmethod 1538 0x0000000002e98190 code [0x0000000002e982c0, 0x0000000002e98378]
Event: 1.188 Thread 0x000000001d3e0000 nmethod 1536 0x0000000002ea0810 code [0x0000000002ea09e0, 0x0000000002ea10a8]
Event: 1.188 Thread 0x000000001d3e0000 1537   !   3       org.eclipse.sisu.inject.RankedBindings::newBeanCache (36 bytes)
Event: 1.188 Thread 0x000000001d3e0000 nmethod 1537 0x0000000002e9ff10 code [0x0000000002ea00a0, 0x0000000002ea05e8]
Event: 1.188 Thread 0x000000001d3e0000 1541   !   3       com.google.inject.internal.InjectorImpl::getBinding (45 bytes)
Event: 1.189 Thread 0x000000001d3e0000 nmethod 1541 0x0000000002e9e750 code [0x0000000002e9e9a0, 0x0000000002e9f7c8]
Event: 1.189 Thread 0x000000001d3e0000 1542       1       sun.reflect.ByteVectorImpl::getLength (7 bytes)
Event: 1.189 Thread 0x000000001d3e0000 nmethod 1542 0x0000000002ea12d0 code [0x0000000002ea1420, 0x0000000002ea1530]
Event: 1.189 Thread 0x000000001d3e0000 1543       3       com.google.inject.internal.ProviderInternalFactory$1::call (20 bytes)
Event: 1.189 Thread 0x000000001d3e0000 nmethod 1543 0x0000000002ea1590 code [0x0000000002ea1700, 0x0000000002ea1948]
Event: 1.189 Thread 0x000000001d3e0000 1544   !   3       com.google.inject.internal.InternalFactoryToInitializableAdapter::provision (23 bytes)
Event: 1.189 Thread 0x000000001d3e0000 nmethod 1544 0x0000000002ea1a10 code [0x0000000002ea1ba0, 0x0000000002ea1e48]
Event: 1.189 Thread 0x000000001d3e0000 1539   !   3       org.eclipse.sisu.inject.BeanCache::create (172 bytes)
Event: 1.189 Thread 0x000000001d3e0000 nmethod 1539 0x0000000002ea1f90 code [0x0000000002ea21a0, 0x0000000002ea3178]
Event: 1.190 Thread 0x000000001d3e0000 1540       3       org.eclipse.sisu.inject.RankedSequence$Itr::next (47 bytes)
Event: 1.190 Thread 0x000000001d3e0000 nmethod 1540 0x0000000002ea3690 code [0x0000000002ea3800, 0x0000000002ea3b58]
Event: 1.190 Thread 0x000000001d3e0000 1545       3       com.google.inject.internal.ConstructionContext::removeCurrentReference (6 bytes)
Event: 1.190 Thread 0x000000001d3e0000 nmethod 1545 0x0000000002ea3c90 code [0x0000000002ea3de0, 0x0000000002ea3f50]
Event: 1.190 Thread 0x000000001d3e0000 1549       3       com.google.common.collect.AbstractSetMultimap::get (9 bytes)
Event: 1.190 Thread 0x000000001d3e0000 nmethod 1549 0x0000000002ea3fd0 code [0x0000000002ea4180, 0x0000000002ea4948]
Event: 1.190 Thread 0x000000001d3e0000 1546       3       org.eclipse.sisu.inject.RankedSequence::iterator (9 bytes)
Event: 1.190 Thread 0x000000001d3e0000 nmethod 1546 0x0000000002ea4c10 code [0x0000000002ea4d80, 0x0000000002ea5010]
Event: 1.190 Thread 0x000000001d3e0000 1547       3       org.eclipse.sisu.inject.RankedSequence$Itr::<init> (22 bytes)
Event: 1.190 Thread 0x000000001d3e0000 nmethod 1547 0x0000000002ea5110 code [0x0000000002ea5260, 0x0000000002ea5450]
Event: 1.190 Thread 0x000000001d3e0000 1548       3       com.google.inject.spi.ProviderLookup$1::get (29 bytes)
Event: 1.190 Thread 0x000000001d3e0000 nmethod 1548 0x0000000002ea5510 code [0x0000000002ea56a0, 0x0000000002ea59d8]
Event: 1.191 Thread 0x000000001d3e0000 1550       3       org.eclipse.sisu.inject.Sources::getAnnotation (38 bytes)
Event: 1.191 Thread 0x000000001d3e0000 nmethod 1550 0x0000000002ea5b50 code [0x0000000002ea5d20, 0x0000000002ea65e8]
Event: 1.191 Thread 0x000000001d3d3800 1551   !   4       java.util.WeakHashMap::expungeStaleEntries (139 bytes)
Event: 1.192 Thread 0x000000001d3e0000 1552       3       java.lang.System::getProperty (25 bytes)
Event: 1.192 Thread 0x000000001d3e0000 nmethod 1552 0x0000000002ea6810 code [0x0000000002ea69e0, 0x0000000002ea7068]
Event: 1.192 Thread 0x000000001d3e0000 1557       3       org.eclipse.sisu.inject.MildElements::add (66 bytes)
Event: 1.193 Thread 0x000000001d3e0000 nmethod 1557 0x0000000002ea7310 code [0x0000000002ea7520, 0x0000000002ea81b8]
Event: 1.193 Thread 0x000000001d3e0000 1561       3       org.eclipse.sisu.inject.InjectorBindings::isAssignableFrom (28 bytes)
Event: 1.193 Thread 0x000000001d3e0000 nmethod 1561 0x0000000002ea8710 code [0x0000000002ea88c0, 0x0000000002ea8e68]
Event: 1.193 Thread 0x000000001d3e0000 1562       1       com.google.inject.internal.ConstructionContext::finishConstruction (11 bytes)
Event: 1.193 Thread 0x000000001d3e0000 nmethod 1562 0x0000000002ea9090 code [0x0000000002ea91e0, 0x0000000002ea9310]
Event: 1.193 Thread 0x000000001d3e0000 1558       3       org.eclipse.sisu.inject.MildElements::compact (21 bytes)
Event: 1.194 Thread 0x000000001d3e0000 nmethod 1558 0x0000000002ea9390 code [0x0000000002ea9520, 0x0000000002ea9ad8]
Event: 1.194 Thread 0x000000001d3e0000 1560   !   3       org.eclipse.sisu.inject.RankedBindings$Itr::hasNext (107 bytes)
Event: 1.194 Thread 0x000000001d3e0000 nmethod 1560 0x0000000002ea9cd0 code [0x0000000002ea9f20, 0x0000000002eab278]
Event: 1.194 Thread 0x000000001d3e0000 1563       3       com.google.inject.internal.ProviderInternalFactory::provision (37 bytes)
Event: 1.194 Thread 0x000000001d3d6000 1564       4       java.lang.String::equals (81 bytes)
Event: 1.194 Thread 0x000000001d3e0000 nmethod 1563 0x0000000002eabc10 code [0x0000000002eabda0, 0x0000000002eac1e8]
Event: 1.194 Thread 0x000000001d3e0000 1559       3       org.eclipse.sisu.inject.MildElements$Weak::<init> (12 bytes)
Event: 1.195 Thread 0x000000001d3e0000 nmethod 1559 0x0000000002eac350 code [0x0000000002eac4c0, 0x0000000002eac7d0]
Event: 1.195 Thread 0x000000001d3e0000 1554       3       org.eclipse.sisu.space.WildcardKey$QualifiedImpl::get (5 bytes)
Event: 1.195 Thread 0x000000001d3e0000 nmethod 1554 0x0000000002eac910 code [0x0000000002eaca60, 0x0000000002eacc50]
Event: 1.195 Thread 0x000000001d3e0000 1555       3       java.lang.Long::equals (30 bytes)
Event: 1.195 Thread 0x000000001d3e0000 nmethod 1555 0x0000000002eaccd0 code [0x0000000002eace40, 0x0000000002ead310]
Event: 1.195 Thread 0x000000001d3e0000 1556       3       java.lang.Long::longValue (5 bytes)
Event: 1.195 Thread 0x000000001d3e0000 nmethod 1556 0x0000000002ead410 code [0x0000000002ead560, 0x0000000002ead6b0]
Event: 1.195 Thread 0x000000001d3e0000 1553       3       java.lang.reflect.Field::setFieldAccessor (34 bytes)
Event: 1.195 Thread 0x000000001d3e0000 nmethod 1553 0x0000000002ead710 code [0x0000000002ead880, 0x0000000002eadc28]
Event: 1.195 Thread 0x000000001d3e0000 1565       3       sun.reflect.MagicAccessorImpl::<init> (5 bytes)
Event: 1.195 Thread 0x000000001d3e0000 nmethod 1565 0x0000000002eadd50 code [0x0000000002eadea0, 0x0000000002eae050]
Event: 1.195 Thread 0x000000001d3e0000 1566       3       org.eclipse.sisu.wire.BeanProviders$1::get (5 bytes)
Event: 1.195 Thread 0x000000001d3e0000 nmethod 1566 0x0000000002eae110 code [0x0000000002eae2a0, 0x0000000002eae6b8]
Event: 1.195 Thread 0x000000001d3e0000 1567       3       org.eclipse.sisu.wire.BeanProviders$1::get (25 bytes)
Event: 1.195 Thread 0x000000001d3e0000 nmethod 1567 0x0000000002eae890 code [0x0000000002eaea20, 0x0000000002eaedd8]
Event: 1.197 Thread 0x000000001d3d3800 nmethod 1551 0x0000000002eb2490 code [0x0000000002eb2600, 0x0000000002eb2f58]
Event: 1.197 Thread 0x000000001d3db000 1568       4       java.lang.Character::isHighSurrogate (18 bytes)
Event: 1.197 Thread 0x000000001d3e0000 1569       3       java.util.regex.Pattern::isSupplementary (20 bytes)
Event: 1.197 Thread 0x000000001d3e0000 nmethod 1569 0x0000000002eb0a90 code [0x0000000002eb0c00, 0x0000000002eb0ed0]
Event: 1.197 Thread 0x000000001d3e0000 1571       3       java.util.regex.Pattern::peek (26 bytes)
Event: 1.197 Thread 0x000000001d3db000 nmethod 1568 0x0000000002eb5f90 code [0x0000000002eb60c0, 0x0000000002eb6118]
Event: 1.197 Thread 0x000000001d3d6000 nmethod 1564 0x0000000002eb5a90 code [0x0000000002eb5be0, 0x0000000002eb5e38]
Event: 1.197 Thread 0x000000001d3e0000 nmethod 1571 0x0000000002eb1f10 code [0x0000000002eb2080, 0x0000000002eb2348]
Event: 1.197 Thread 0x000000001d3e0000 1570       3       java.lang.Character::isSurrogate (18 bytes)
Event: 1.197 Thread 0x000000001d3e0000 nmethod 1570 0x0000000002eb1b90 code [0x0000000002eb1ce0, 0x0000000002eb1eb0]
Event: 1.202 Thread 0x000000001d3d3800 1572       4       java.nio.charset.CoderResult::isUnderflow (13 bytes)
Event: 1.202 Thread 0x000000001d3d3800 nmethod 1572 0x0000000002eaf390 code [0x0000000002eaf4c0, 0x0000000002eaf538]
Event: 1.202 Thread 0x000000001d3e0000 1573       3       java.io.BufferedWriter::ensureOpen (18 bytes)
Event: 1.202 Thread 0x000000001d3e0000 nmethod 1573 0x0000000002eb0610 code [0x0000000002eb0780, 0x0000000002eb09c8]
Event: 1.204 Thread 0x000000001d3e0000 1574   !   3       sun.misc.URLClassPath$JarLoader::getResource (85 bytes)
Event: 1.205 Thread 0x000000001d3e0000 nmethod 1574 0x0000000002eb4810 code [0x0000000002eb4a40, 0x0000000002eb5518]
Event: 1.208 Thread 0x000000001d3db000 1575       4       java.lang.String::toCharArray (25 bytes)
Event: 1.209 Thread 0x000000001d3db000 nmethod 1575 0x0000000002eaf050 code [0x0000000002eaf1a0, 0x0000000002eaf2d8]
Event: 1.211 Thread 0x000000001d3e0000 1576       3       java.util.regex.Pattern$Dot::isSatisfiedBy (34 bytes)
Event: 1.211 Thread 0x000000001d3e0000 nmethod 1576 0x0000000002eb01d0 code [0x0000000002eb0340, 0x0000000002eb05b0]
Event: 1.211 Thread 0x000000001d3e0000 1577       3       java.nio.charset.Charset::atBugLevel (44 bytes)
Event: 1.211 Thread 0x000000001d3d6000 1578       4       org.codehaus.plexus.util.xml.pull.MXParser::isS (30 bytes)
Event: 1.211 Thread 0x000000001d3e0000 nmethod 1577 0x0000000002eaf8d0 code [0x0000000002eafa80, 0x0000000002eb0018]
Event: 1.211 Thread 0x000000001d3d6000 nmethod 1578 0x0000000002eaf6d0 code [0x0000000002eaf800, 0x0000000002eaf878]
Event: 1.212 Thread 0x000000001d3d3800 1579   !   4       java.net.URL::<init> (543 bytes)
Event: 1.213 Thread 0x000000001d3db000 1580       4       java.net.URLClassLoader$1::run (5 bytes)
Event: 1.219 Thread 0x000000001d3d6000 1581       4       java.net.URLStreamHandler::setURL (73 bytes)
Event: 1.221 Thread 0x000000001d3e0000 1583       3       java.lang.String::codePointAt (36 bytes)
Event: 1.221 Thread 0x000000001d3e0000 nmethod 1583 0x0000000002eb4290 code [0x0000000002eb4420, 0x0000000002eb46d8]
Event: 1.221 Thread 0x000000001d3e0000 1585       3       java.util.regex.Pattern$Slice::match (79 bytes)
Event: 1.222 Thread 0x000000001d3e0000 nmethod 1585 0x0000000002eb3a50 code [0x0000000002eb3be0, 0x0000000002eb4098]
Event: 1.222 Thread 0x000000001d3e0000 1586       3       org.codehaus.plexus.util.xml.pull.MXParser::newString (11 bytes)
Event: 1.222 Thread 0x000000001d3e0000 nmethod 1586 0x0000000002eb3610 code [0x0000000002eb3780, 0x0000000002eb3968]
Event: 1.222 Thread 0x000000001d3e0000 1584       3       java.lang.Character::codePointAtImpl (41 bytes)
Event: 1.222 Thread 0x000000001d3e0000 nmethod 1584 0x0000000002eb86d0 code [0x0000000002eb8860, 0x0000000002eb8cf0]
Event: 1.222 Thread 0x000000001d3e0000 1587       3       java.util.regex.Pattern$BmpCharProperty::match (50 bytes)
Event: 1.223 Thread 0x000000001d3e0000 nmethod 1587 0x0000000002eb7f10 code [0x0000000002eb80a0, 0x0000000002eb8568]
Event: 1.223 Thread 0x000000001d3e0000 1588       3       java.nio.CharBuffer::array (35 bytes)
Event: 1.223 Thread 0x000000001d3e0000 nmethod 1588 0x0000000002eb7910 code [0x0000000002eb7aa0, 0x0000000002eb7db8]
Event: 1.223 Thread 0x000000001d3e0000 1589       3       sun.nio.cs.UTF_8::access$200 (8 bytes)
Event: 1.223 Thread 0x000000001d3e0000 nmethod 1589 0x0000000002eb70d0 code [0x0000000002eb7260, 0x0000000002eb76f8]
Event: 1.223 Thread 0x000000001d3e0000 1590       3       sun.nio.cs.UTF_8::updatePositions (23 bytes)
Event: 1.223 Thread 0x000000001d3e0000 nmethod 1590 0x0000000002eb6990 code [0x0000000002eb6b20, 0x0000000002eb6f58]
Event: 1.223 Thread 0x000000001d3e0000 1592       1       sun.nio.cs.StreamEncoder::isOpen (5 bytes)
Event: 1.223 Thread 0x000000001d3e0000 nmethod 1592 0x0000000002eb3350 code [0x0000000002eb34a0, 0x0000000002eb35b0]
Event: 1.223 Thread 0x000000001d3e0000 1593       3       java.io.PrintStream::ensureOpen (18 bytes)
Event: 1.223 Thread 0x000000001d3e0000 nmethod 1593 0x0000000002eb6510 code [0x0000000002eb6680, 0x0000000002eb68c8]
Event: 1.225 Thread 0x000000001d3d6000 nmethod 1581 0x0000000002ebc090 code [0x0000000002ebc200, 0x0000000002ebc788]
Event: 1.225 Thread 0x000000001d3d6000 1591       4       java.lang.String::<init> (10 bytes)
Event: 1.226 Thread 0x000000001d3d6000 nmethod 1591 0x0000000002eb6310 code [0x0000000002eb6440, 0x0000000002eb64b8]
Event: 1.226 Thread 0x000000001d3d6000 1582   !   4       java.net.URL::set (114 bytes)
Event: 1.226 Thread 0x000000001d3e0000 1594       3       java.util.regex.Pattern$Single::isSatisfiedBy (14 bytes)
Event: 1.226 Thread 0x000000001d3e0000 nmethod 1594 0x0000000002ebbd10 code [0x0000000002ebbe60, 0x0000000002ebc010]
Event: 1.226 Thread 0x000000001d3e0000 1595       3       java.lang.String::valueOf (18 bytes)
Event: 1.227 Thread 0x000000001d3e0000 nmethod 1595 0x0000000002ebb790 code [0x0000000002ebb900, 0x0000000002ebbbf0]
Event: 1.227 Thread 0x000000001d3e0000 1596       3       java.nio.Buffer::remaining (10 bytes)
Event: 1.227 Thread 0x000000001d3e0000 nmethod 1596 0x0000000002ebb490 code [0x0000000002ebb5e0, 0x0000000002ebb730]
Event: 1.227 Thread 0x000000001d3e0000 1601   !   3       java.io.BufferedWriter::write (117 bytes)
Event: 1.227 Thread 0x000000001d3d6000 nmethod 1582 0x0000000002eb9a50 code [0x0000000002eb9ba0, 0x0000000002eb9e98]
Event: 1.227 Thread 0x000000001d3d6000 1598       4       java.nio.Buffer::clear (20 bytes)
Event: 1.227 Thread 0x000000001d3e0000 nmethod 1601 0x0000000002eba710 code [0x0000000002eba8e0, 0x0000000002ebb048]
Event: 1.227 Thread 0x000000001d3e0000 1600       3       java.io.Writer::write (11 bytes)
Event: 1.227 Thread 0x000000001d3d6000 nmethod 1598 0x0000000002ebcf90 code [0x0000000002ebd0c0, 0x0000000002ebd138]
Event: 1.227 Thread 0x000000001d3e0000 nmethod 1600 0x0000000002eba150 code [0x0000000002eba2c0, 0x0000000002eba5c8]
Event: 1.227 Thread 0x000000001d3e0000 1602       3       java.io.BufferedWriter::min (9 bytes)
Event: 1.227 Thread 0x000000001d3e0000 nmethod 1602 0x0000000002eb9710 code [0x0000000002eb9860, 0x0000000002eb99f0]
Event: 1.227 Thread 0x000000001d3e0000 1597       3       java.io.FileOutputStream::write (12 bytes)
Event: 1.227 Thread 0x000000001d3e0000 nmethod 1597 0x0000000002eb9350 code [0x0000000002eb94c0, 0x0000000002eb9648]
Event: 1.227 Thread 0x000000001d3e0000 1599       3       java.io.OutputStream::flush (1 bytes)
Event: 1.227 Thread 0x000000001d3e0000 nmethod 1599 0x0000000002ebcc90 code [0x0000000002ebcde0, 0x0000000002ebcf30]
Event: 1.231 Thread 0x000000001d3e0000 1603       1       java.util.Formatter$Flags::valueOf (5 bytes)
Event: 1.231 Thread 0x000000001d3e0000 nmethod 1603 0x0000000002eb9090 code [0x0000000002eb91e0, 0x0000000002eb92f0]
Event: 1.232 Thread 0x000000001d3d6000 1605       4       java.nio.ByteBuffer::array (35 bytes)
Event: 1.232 Thread 0x000000001d3e0000 1606  s    3       java.io.BufferedOutputStream::flush (12 bytes)
Event: 1.232 Thread 0x000000001d3e0000 nmethod 1606 0x0000000002ebf290 code [0x0000000002ebf420, 0x0000000002ebf918]
Event: 1.232 Thread 0x000000001d3e0000 1607       3       java.io.BufferedOutputStream::flushBuffer (29 bytes)
Event: 1.232 Thread 0x000000001d3e0000 nmethod 1607 0x0000000002ebedd0 code [0x0000000002ebef40, 0x0000000002ebf1c8]
Event: 1.232 Thread 0x000000001d3e0000 1608       3       sun.nio.cs.StreamEncoder::ensureOpen (18 bytes)
Event: 1.232 Thread 0x000000001d3d6000 nmethod 1605 0x0000000002ebd650 code [0x0000000002ebd780, 0x0000000002ebd818]
Event: 1.232 Thread 0x000000001d3e0000 nmethod 1608 0x0000000002ebd190 code [0x0000000002ebd300, 0x0000000002ebd548]
Event: 1.232 Thread 0x000000001d3e0000 1609       3       java.io.OutputStreamWriter::write (11 bytes)
Event: 1.232 Thread 0x000000001d3e0000 nmethod 1609 0x0000000002ebe9d0 code [0x0000000002ebeb40, 0x0000000002ebece8]
Event: 1.232 Thread 0x000000001d3e0000 1610   !   3       sun.nio.cs.StreamEncoder::write (78 bytes)
Event: 1.233 Thread 0x000000001d3e0000 nmethod 1610 0x0000000002ebdc90 code [0x0000000002ebde60, 0x0000000002ebe588]
Event: 1.233 Thread 0x000000001d3e0000 1611       3       sun.nio.cs.StreamEncoder::implWrite (156 bytes)
Event: 1.236 Thread 0x000000001d3e0000 nmethod 1611 0x0000000002ec1590 code [0x0000000002ec1800, 0x0000000002ec26a8]
Event: 1.242 Thread 0x000000001d3e0000 1612       3       java.util.HashSet::<init> (16 bytes)
Event: 1.242 Thread 0x000000001d3e0000 nmethod 1612 0x0000000002ec0e10 code [0x0000000002ec0fa0, 0x0000000002ec13b0]
Event: 1.242 Thread 0x000000001d3e0000 1613   !   3       java.io.BufferedWriter::flushBuffer (53 bytes)
Event: 1.242 Thread 0x000000001d3e0000 nmethod 1613 0x0000000002ec03d0 code [0x0000000002ec0580, 0x0000000002ec0b78]
Event: 1.263 Thread 0x000000001d3e0000 1615       3       java.util.LinkedHashMap$LinkedEntryIterator::next (5 bytes)
Event: 1.263 Thread 0x000000001d3e0000 nmethod 1615 0x0000000002ec2f10 code [0x0000000002ec3080, 0x0000000002ec3368]
Event: 1.263 Thread 0x000000001d3e0000 1616       3       java.util.LinkedHashMap$LinkedEntryIterator::next (5 bytes)
Event: 1.263 Thread 0x000000001d3e0000 nmethod 1616 0x0000000002ec3410 code [0x0000000002ec3580, 0x0000000002ec3788]
Event: 1.264 Thread 0x000000001d3d6000 1617       4       java.util.regex.Pattern$CharProperty::match (56 bytes)
Event: 1.264 Thread 0x000000001d3e0000 1619       3       java.util.regex.Matcher::reset (83 bytes)
Event: 1.264 Thread 0x000000001d3e0000 nmethod 1619 0x0000000002ec3810 code [0x0000000002ec39a0, 0x0000000002ec3e48]
Event: 1.266 Thread 0x000000001d3e0000 1621       3       java.util.regex.Pattern$Node::<init> (12 bytes)
Event: 1.266 Thread 0x000000001d3e0000 nmethod 1621 0x0000000002ec4010 code [0x0000000002ec4180, 0x0000000002ec4350]
Event: 1.266 Thread 0x000000001d3e0000 1622   !   3       java.nio.charset.CharsetEncoder::encode (285 bytes)
Event: 1.267 Thread 0x000000001d3e0000 nmethod 1622 0x0000000002ec4410 code [0x0000000002ec46e0, 0x0000000002ec5cd8]
Event: 1.267 Thread 0x000000001d3e0000 1628       3       sun.nio.cs.UTF_8$Encoder::encodeArrayLoop (489 bytes)

GC Heap History (2 events):
Event: 0.871 GC heap before
{Heap before GC invocations=1 (full 0):
 PSYoungGen      total 76288K, used 65536K [0x000000076b400000, 0x0000000770900000, 0x00000007c0000000)
  eden space 65536K, 100% used [0x000000076b400000,0x000000076f400000,0x000000076f400000)
  from space 10752K, 0% used [0x000000076fe80000,0x000000076fe80000,0x0000000770900000)
  to   space 10752K, 0% used [0x000000076f400000,0x000000076f400000,0x000000076fe80000)
 ParOldGen       total 175104K, used 0K [0x00000006c1c00000, 0x00000006cc700000, 0x000000076b400000)
  object space 175104K, 0% used [0x00000006c1c00000,0x00000006c1c00000,0x00000006cc700000)
 Metaspace       used 11753K, capacity 11912K, committed 12288K, reserved 1060864K
  class space    used 1345K, capacity 1412K, committed 1536K, reserved 1048576K
Event: 0.877 GC heap after
Heap after GC invocations=1 (full 0):
 PSYoungGen      total 76288K, used 8941K [0x000000076b400000, 0x0000000770900000, 0x00000007c0000000)
  eden space 65536K, 0% used [0x000000076b400000,0x000000076b400000,0x000000076f400000)
  from space 10752K, 83% used [0x000000076f400000,0x000000076fcbb488,0x000000076fe80000)
  to   space 10752K, 0% used [0x000000076fe80000,0x000000076fe80000,0x0000000770900000)
 ParOldGen       total 175104K, used 16K [0x00000006c1c00000, 0x00000006cc700000, 0x000000076b400000)
  object space 175104K, 0% used [0x00000006c1c00000,0x00000006c1c04000,0x00000006cc700000)
 Metaspace       used 11753K, capacity 11912K, committed 12288K, reserved 1060864K
  class space    used 1345K, capacity 1412K, committed 1536K, reserved 1048576K
}

Deoptimization events (12 events):
Event: 0.575 Thread 0x000000000275e000 Uncommon trap: reason=unstable_if action=reinterpret pc=0x0000000002b136e8 method=org.codehaus.plexus.util.xml.pull.MXParser.more()C @ 8
Event: 0.602 Thread 0x000000000275e000 Uncommon trap: reason=unstable_if action=reinterpret pc=0x0000000002c0ddcc method=sun.nio.cs.StreamDecoder.implRead([CII)I @ 71
Event: 0.604 Thread 0x000000000275e000 Uncommon trap: reason=unstable_if action=reinterpret pc=0x0000000002c16aac method=sun.nio.cs.StreamDecoder.implRead([CII)I @ 71
Event: 0.633 Thread 0x000000000275e000 Uncommon trap: reason=unstable_if action=reinterpret pc=0x0000000002c094c8 method=java.io.Reader.read()I @ 12
Event: 0.635 Thread 0x000000000275e000 Uncommon trap: reason=unstable_if action=reinterpret pc=0x0000000002c29904 method=sun.nio.cs.StreamDecoder.implRead([CII)I @ 197
Event: 0.638 Thread 0x000000000275e000 Uncommon trap: reason=unstable_if action=reinterpret pc=0x0000000002c2e7ec method=org.codehaus.plexus.util.xml.pull.MXParser.nextImpl()I @ 1046
Event: 0.678 Thread 0x000000000275e000 Uncommon trap: reason=unstable_if action=reinterpret pc=0x0000000002bd7a24 method=java.util.HashMap.getNode(ILjava/lang/Object;)Ljava/util/HashMap$Node; @ 129
Event: 0.678 Thread 0x000000000275e000 Uncommon trap: reason=unstable_if action=reinterpret pc=0x0000000002bcfdc0 method=java.util.HashMap.getNode(ILjava/lang/Object;)Ljava/util/HashMap$Node; @ 129
Event: 0.684 Thread 0x000000000275e000 Uncommon trap: reason=range_check action=make_not_entrant pc=0x0000000002c85b28 method=sun.reflect.generics.parser.SignatureParser.current()C @ 34
Event: 1.193 Thread 0x000000000275e000 Uncommon trap: reason=unstable_if action=reinterpret pc=0x0000000002e87ec4 method=org.eclipse.sisu.inject.InjectorBindings.isAssignableFrom(Lcom/google/inject/TypeLiteral;Lcom/google/inject/Binding;)Z @ 14
Event: 1.194 Thread 0x000000000275e000 Uncommon trap: reason=null_check action=make_not_entrant pc=0x0000000002b4a61c method=java.lang.String.equals(Ljava/lang/Object;)Z @ 8
Event: 1.197 Thread 0x000000000275e000 Uncommon trap: reason=unstable_if action=reinterpret pc=0x0000000002b687f4 method=sun.misc.MetaIndex.mayContain(Ljava/lang/String;)Z @ 38

Classes redefined (0 events):
No events

Internal exceptions (19 events):
Event: 0.031 Thread 0x000000000275e000 Exception <a 'java/lang/NoSuchMethodError': Method sun.misc.Unsafe.defineClass(Ljava/lang/String;[BII)Ljava/lang/Class; name or signature does not match> (0x000000076b407cc0) thrown at [C:\cygwin64\tmp\ojdkbuild\lookaside\java-1.8.0-openjdk\hotspot\src\sh
Event: 0.031 Thread 0x000000000275e000 Exception <a 'java/lang/NoSuchMethodError': Method sun.misc.Unsafe.prefetchRead(Ljava/lang/Object;J)V name or signature does not match> (0x000000076b407fa8) thrown at [C:\cygwin64\tmp\ojdkbuild\lookaside\java-1.8.0-openjdk\hotspot\src\share\vm\prims\jni.c
Event: 0.082 Thread 0x000000000275e000 Exception <a 'java/util/zip/ZipException'> (0x000000076b4dba08) thrown at [C:\cygwin64\tmp\ojdkbuild\lookaside\java-1.8.0-openjdk\hotspot\src\share\vm\prims\jni.cpp, line 711]
Event: 0.082 Thread 0x000000000275e000 Exception <a 'java/security/PrivilegedActionException'> (0x000000076b4dc1f8) thrown at [C:\cygwin64\tmp\ojdkbuild\lookaside\java-1.8.0-openjdk\hotspot\src\share\vm\prims\jvm.cpp, line 1519]
Event: 0.082 Thread 0x000000000275e000 Exception <a 'java/security/PrivilegedActionException'> (0x000000076b4dc408) thrown at [C:\cygwin64\tmp\ojdkbuild\lookaside\java-1.8.0-openjdk\hotspot\src\share\vm\prims\jvm.cpp, line 1519]
Event: 0.159 Thread 0x000000000275e000 Exception <a 'java/security/PrivilegedActionException'> (0x000000076bafdce8) thrown at [C:\cygwin64\tmp\ojdkbuild\lookaside\java-1.8.0-openjdk\hotspot\src\share\vm\prims\jvm.cpp, line 1519]
Event: 0.159 Thread 0x000000000275e000 Exception <a 'java/security/PrivilegedActionException'> (0x000000076bafe0e0) thrown at [C:\cygwin64\tmp\ojdkbuild\lookaside\java-1.8.0-openjdk\hotspot\src\share\vm\prims\jvm.cpp, line 1519]
Event: 0.159 Thread 0x000000000275e000 Exception <a 'java/security/PrivilegedActionException'> (0x000000076bb00f90) thrown at [C:\cygwin64\tmp\ojdkbuild\lookaside\java-1.8.0-openjdk\hotspot\src\share\vm\prims\jvm.cpp, line 1519]
Event: 0.159 Thread 0x000000000275e000 Exception <a 'java/security/PrivilegedActionException'> (0x000000076bb01388) thrown at [C:\cygwin64\tmp\ojdkbuild\lookaside\java-1.8.0-openjdk\hotspot\src\share\vm\prims\jvm.cpp, line 1519]
Event: 0.564 Thread 0x000000000275e000 Exception <a 'java/lang/ArrayIndexOutOfBoundsException'> (0x000000076cee2400) thrown at [C:\cygwin64\tmp\ojdkbuild\lookaside\java-1.8.0-openjdk\hotspot\src\share\vm\runtime\sharedRuntime.cpp, line 609]
Event: 0.566 Thread 0x000000000275e000 Exception <a 'java/lang/ArrayIndexOutOfBoundsException'> (0x000000076cf029c8) thrown at [C:\cygwin64\tmp\ojdkbuild\lookaside\java-1.8.0-openjdk\hotspot\src\share\vm\runtime\sharedRuntime.cpp, line 609]
Event: 0.569 Thread 0x000000000275e000 Exception <a 'java/lang/ArrayIndexOutOfBoundsException'> (0x000000076cf4a278) thrown at [C:\cygwin64\tmp\ojdkbuild\lookaside\java-1.8.0-openjdk\hotspot\src\share\vm\runtime\sharedRuntime.cpp, line 609]
Event: 0.643 Thread 0x000000000275e000 Exception <a 'java/lang/ArrayIndexOutOfBoundsException'> (0x000000076d98f0d0) thrown at [C:\cygwin64\tmp\ojdkbuild\lookaside\java-1.8.0-openjdk\hotspot\src\share\vm\runtime\sharedRuntime.cpp, line 609]
Event: 0.644 Thread 0x000000000275e000 Exception <a 'java/lang/ArrayIndexOutOfBoundsException'> (0x000000076d994500) thrown at [C:\cygwin64\tmp\ojdkbuild\lookaside\java-1.8.0-openjdk\hotspot\src\share\vm\runtime\sharedRuntime.cpp, line 609]
Event: 0.684 Thread 0x000000000275e000 Exception <a 'java/lang/ArrayIndexOutOfBoundsException': 66> (0x000000076dcfebc8) thrown at [C:\cygwin64\tmp\ojdkbuild\lookaside\java-1.8.0-openjdk\hotspot\src\share\vm\interpreter\interpreterRuntime.cpp, line 371]
Event: 1.128 Thread 0x000000000275e000 Exception <a 'java/lang/NoClassDefFoundError': com/google/inject/servlet/ServletModuleTargetVisitor> (0x000000076cbc3970) thrown at [C:\cygwin64\tmp\ojdkbuild\lookaside\java-1.8.0-openjdk\hotspot\src\share\vm\classfile\systemDictionary.cpp, line 204]
Event: 1.128 Thread 0x000000000275e000 Exception <a 'java/lang/NoClassDefFoundError'> (0x000000076cbc3970) thrown at [C:\cygwin64\tmp\ojdkbuild\lookaside\java-1.8.0-openjdk\hotspot\src\share\vm\prims\jvm.cpp, line 1523]
Event: 1.128 Thread 0x000000000275e000 Exception <a 'java/lang/NoClassDefFoundError': javax/annotation/Priority> (0x000000076cbc8778) thrown at [C:\cygwin64\tmp\ojdkbuild\lookaside\java-1.8.0-openjdk\hotspot\src\share\vm\classfile\systemDictionary.cpp, line 204]
Event: 1.194 Thread 0x000000000275e000 Implicit null exception at 0x0000000002b4a41c to 0x0000000002b4a60d

Events (250 events):
Event: 1.200 loading class java/util/Formatter$FixedString
Event: 1.200 loading class java/util/Formatter$FormatString
Event: 1.200 loading class java/util/Formatter$FormatString done
Event: 1.200 loading class java/util/Formatter$FixedString done
Event: 1.200 loading class java/util/Formatter$FormatSpecifier
Event: 1.201 loading class java/util/Formatter$FormatSpecifier done
Event: 1.201 loading class java/util/Formatter$Flags
Event: 1.201 loading class java/util/Formatter$Flags done
Event: 1.201 loading class java/util/Formatter$Conversion
Event: 1.201 loading class java/util/Formatter$Conversion done
Event: 1.201 loading class java/util/Formattable
Event: 1.201 loading class java/util/Formattable done
Event: 1.203 loading class org/apache/maven/building/FileSource
Event: 1.203 loading class org/apache/maven/building/FileSource done
Event: 1.204 loading class java/util/Collections$SingletonMap
Event: 1.204 loading class java/util/Collections$SingletonMap done
Event: 1.204 loading class org/apache/maven/settings/io/xpp3/SettingsXpp3Reader
Event: 1.204 loading class org/apache/maven/settings/io/xpp3/SettingsXpp3Reader done
Event: 1.205 loading class org/apache/maven/settings/io/xpp3/SettingsXpp3Reader$ContentTransformer
Event: 1.205 loading class org/apache/maven/settings/io/xpp3/SettingsXpp3Reader$ContentTransformer done
Event: 1.206 loading class org/apache/maven/settings/io/xpp3/SettingsXpp3Reader$1
Event: 1.206 loading class org/apache/maven/settings/io/xpp3/SettingsXpp3Reader$1 done
Event: 1.207 loading class org/codehaus/plexus/util/xml/pull/EntityReplacementMap
Event: 1.207 loading class org/codehaus/plexus/util/xml/pull/EntityReplacementMap done
Event: 1.211 loading class org/apache/maven/settings/Server
Event: 1.211 loading class org/apache/maven/settings/Server done
Event: 1.211 loading class org/apache/maven/settings/Profile
Event: 1.211 loading class org/apache/maven/settings/Profile done
Event: 1.212 loading class org/apache/maven/settings/Activation
Event: 1.212 loading class org/apache/maven/settings/Activation done
Event: 1.213 loading class org/apache/maven/settings/io/xpp3/SettingsXpp3Writer
Event: 1.213 loading class org/apache/maven/settings/io/xpp3/SettingsXpp3Writer done
Event: 1.214 loading class org/codehaus/plexus/util/xml/pull/XmlSerializer
Event: 1.214 loading class org/codehaus/plexus/util/xml/pull/XmlSerializer done
Event: 1.215 loading class org/codehaus/plexus/util/xml/pull/MXSerializer
Event: 1.215 loading class org/codehaus/plexus/util/xml/pull/MXSerializer done
Event: 1.217 loading class org/codehaus/plexus/interpolation/RegexBasedInterpolator
Event: 1.217 loading class org/codehaus/plexus/interpolation/RegexBasedInterpolator done
Event: 1.217 loading class org/codehaus/plexus/interpolation/InterpolationCycleException
Event: 1.217 loading class org/codehaus/plexus/interpolation/InterpolationCycleException done
Event: 1.218 loading class org/codehaus/plexus/interpolation/PropertiesBasedValueSource
Event: 1.218 loading class org/codehaus/plexus/interpolation/PropertiesBasedValueSource done
Event: 1.218 loading class org/codehaus/plexus/interpolation/AbstractValueSource
Event: 1.218 loading class org/codehaus/plexus/interpolation/AbstractValueSource done
Event: 1.218 loading class org/codehaus/plexus/interpolation/EnvarBasedValueSource
Event: 1.218 loading class org/codehaus/plexus/interpolation/EnvarBasedValueSource done
Event: 1.219 loading class org/codehaus/plexus/interpolation/os/OperatingSystemUtils
Event: 1.219 loading class org/codehaus/plexus/interpolation/os/OperatingSystemUtils done
Event: 1.219 loading class org/codehaus/plexus/interpolation/os/OperatingSystemUtils$EnvVarSource
Event: 1.219 loading class org/codehaus/plexus/interpolation/os/OperatingSystemUtils$EnvVarSource done
Event: 1.219 loading class org/codehaus/plexus/interpolation/os/OperatingSystemUtils$DefaultEnvVarSource
Event: 1.219 loading class org/codehaus/plexus/interpolation/os/OperatingSystemUtils$DefaultEnvVarSource done
Event: 1.219 loading class java/lang/ProcessEnvironment$CheckedKeySet
Event: 1.219 loading class java/lang/ProcessEnvironment$CheckedKeySet done
Event: 1.220 loading class org/apache/maven/settings/building/DefaultSettingsBuilder$1
Event: 1.220 loading class org/apache/maven/settings/building/DefaultSettingsBuilder$1 done
Event: 1.220 loading class org/codehaus/plexus/interpolation/SimpleRecursionInterceptor
Event: 1.220 loading class org/codehaus/plexus/interpolation/SimpleRecursionInterceptor done
Event: 1.222 loading class org/apache/maven/settings/building/DefaultSettingsBuildingResult
Event: 1.222 loading class org/apache/maven/settings/building/DefaultSettingsBuildingResult done
Event: 1.223 loading class org/apache/maven/settings/SettingsUtils
Event: 1.223 loading class org/apache/maven/settings/SettingsUtils done
Event: 1.224 loading class org/apache/maven/artifact/repository/layout/ArtifactRepositoryLayout2
Event: 1.224 loading class org/apache/maven/artifact/repository/layout/ArtifactRepositoryLayout2 done
Event: 1.225 loading class org/apache/maven/artifact/repository/MavenArtifactRepository
Event: 1.225 loading class org/apache/maven/artifact/repository/MavenArtifactRepository done
Event: 1.226 loading class org/apache/maven/toolchain/building/DefaultToolchainsBuildingRequest
Event: 1.226 loading class org/apache/maven/toolchain/building/DefaultToolchainsBuildingRequest done
Event: 1.227 loading class org/apache/maven/building/ProblemCollectorFactory
Event: 1.227 loading class org/apache/maven/building/ProblemCollectorFactory done
Event: 1.227 loading class org/apache/maven/building/DefaultProblemCollector
Event: 1.227 loading class org/apache/maven/building/DefaultProblemCollector done
Event: 1.228 loading class org/apache/maven/toolchain/model/io/xpp3/MavenToolchainsXpp3Reader
Event: 1.228 loading class org/apache/maven/toolchain/model/io/xpp3/MavenToolchainsXpp3Reader done
Event: 1.228 loading class org/apache/maven/toolchain/model/io/xpp3/MavenToolchainsXpp3Reader$ContentTransformer
Event: 1.228 loading class org/apache/maven/toolchain/model/io/xpp3/MavenToolchainsXpp3Reader$ContentTransformer done
Event: 1.229 loading class org/apache/maven/toolchain/model/io/xpp3/MavenToolchainsXpp3Reader$1
Event: 1.229 loading class org/apache/maven/toolchain/model/io/xpp3/MavenToolchainsXpp3Reader$1 done
Event: 1.230 loading class org/apache/maven/toolchain/model/io/xpp3/MavenToolchainsXpp3Writer
Event: 1.230 loading class org/apache/maven/toolchain/model/io/xpp3/MavenToolchainsXpp3Writer done
Event: 1.230 loading class org/apache/maven/toolchain/building/DefaultToolchainsBuilder$1
Event: 1.230 loading class org/apache/maven/toolchain/building/DefaultToolchainsBuilder$1 done
Event: 1.231 loading class org/apache/maven/toolchain/building/DefaultToolchainsBuildingResult
Event: 1.231 loading class org/apache/maven/toolchain/building/DefaultToolchainsBuildingResult done
Event: 1.232 loading class org/apache/maven/cli/transfer/ConsoleMavenTransferListener
Event: 1.232 loading class org/apache/maven/cli/transfer/ConsoleMavenTransferListener done
Event: 1.232 loading class org/apache/maven/cli/transfer/AbstractMavenTransferListener
Event: 1.232 loading class org/apache/maven/cli/transfer/AbstractMavenTransferListener done
Event: 1.233 loading class org/eclipse/aether/transfer/AbstractTransferListener
Event: 1.233 loading class org/eclipse/aether/transfer/AbstractTransferListener done
Event: 1.236 loading class java/util/Collections$SynchronizedMap
Event: 1.237 loading class java/util/Collections$SynchronizedMap done
Event: 1.237 loading class org/apache/maven/cli/event/ExecutionEventLogger
Event: 1.237 loading class org/apache/maven/cli/event/ExecutionEventLogger done
Event: 1.239 loading class org/apache/maven/execution/AbstractExecutionListener
Event: 1.239 loading class org/apache/maven/execution/AbstractExecutionListener done
Event: 1.240 loading class org/apache/maven/eventspy/internal/EventSpyExecutionListener
Event: 1.240 loading class org/apache/maven/eventspy/internal/EventSpyExecutionListener done
Event: 1.241 loading class org/apache/maven/artifact/repository/layout/FlatRepositoryLayout
Event: 1.241 loading class org/apache/maven/artifact/repository/layout/FlatRepositoryLayout done
Event: 1.241 loading class org/apache/maven/artifact/repository/layout/FlatRepositoryLayout
Event: 1.241 loading class org/apache/maven/artifact/repository/layout/FlatRepositoryLayout done
Event: 1.241 loading class org/apache/maven/artifact/repository/layout/DefaultRepositoryLayout
Event: 1.241 loading class org/apache/maven/artifact/repository/layout/DefaultRepositoryLayout done
Event: 1.241 loading class org/apache/maven/artifact/repository/layout/DefaultRepositoryLayout
Event: 1.241 loading class org/apache/maven/artifact/repository/layout/DefaultRepositoryLayout done
Event: 1.241 loading class org/apache/maven/artifact/repository/layout/DefaultRepositoryLayout
Event: 1.241 loading class org/apache/maven/artifact/repository/layout/DefaultRepositoryLayout done
Event: 1.242 loading class org/apache/maven/execution/DefaultMavenExecutionResult
Event: 1.242 loading class org/apache/maven/execution/DefaultMavenExecutionResult done
Event: 1.243 loading class org/apache/maven/repository/internal/MavenRepositorySystemUtils
Event: 1.243 loading class org/apache/maven/repository/internal/MavenRepositorySystemUtils done
Event: 1.243 loading class org/eclipse/aether/util/graph/transformer/ConflictResolver$ScopeDeriver
Event: 1.243 loading class org/eclipse/aether/util/graph/transformer/ConflictResolver$ScopeDeriver done
Event: 1.244 loading class org/eclipse/aether/util/graph/transformer/JavaScopeDeriver
Event: 1.244 loading class org/eclipse/aether/util/graph/transformer/JavaScopeDeriver done
Event: 1.244 loading class org/eclipse/aether/util/graph/transformer/ConflictResolver$OptionalitySelector
Event: 1.244 loading class org/eclipse/aether/util/graph/transformer/ConflictResolver$OptionalitySelector done
Event: 1.244 loading class org/eclipse/aether/util/graph/transformer/SimpleOptionalitySelector
Event: 1.244 loading class org/eclipse/aether/util/graph/transformer/SimpleOptionalitySelector done
Event: 1.244 loading class org/eclipse/aether/util/graph/transformer/ConflictResolver$ScopeSelector
Event: 1.244 loading class org/eclipse/aether/util/graph/transformer/ConflictResolver$ScopeSelector done
Event: 1.245 loading class org/eclipse/aether/util/graph/transformer/JavaScopeSelector
Event: 1.245 loading class org/eclipse/aether/util/graph/transformer/JavaScopeSelector done
Event: 1.245 loading class org/eclipse/aether/util/graph/transformer/ConflictResolver$VersionSelector
Event: 1.245 loading class org/eclipse/aether/util/graph/transformer/ConflictResolver$VersionSelector done
Event: 1.245 loading class org/eclipse/aether/util/graph/transformer/NearestVersionSelector
Event: 1.245 loading class org/eclipse/aether/util/graph/transformer/NearestVersionSelector done
Event: 1.245 loading class org/eclipse/aether/artifact/ArtifactType
Event: 1.245 loading class org/eclipse/aether/artifact/ArtifactType done
Event: 1.246 loading class org/eclipse/aether/artifact/ArtifactTypeRegistry
Event: 1.246 loading class org/eclipse/aether/artifact/ArtifactTypeRegistry done
Event: 1.246 loading class org/eclipse/aether/SessionData
Event: 1.246 loading class org/eclipse/aether/SessionData done
Event: 1.246 loading class org/eclipse/aether/DefaultRepositorySystemSession$NullMirrorSelector
Event: 1.246 loading class org/eclipse/aether/DefaultRepositorySystemSession$NullMirrorSelector done
Event: 1.247 loading class org/eclipse/aether/DefaultRepositorySystemSession$NullProxySelector
Event: 1.247 loading class org/eclipse/aether/DefaultRepositorySystemSession$NullProxySelector done
Event: 1.247 loading class org/eclipse/aether/DefaultRepositorySystemSession$NullAuthenticationSelector
Event: 1.247 loading class org/eclipse/aether/DefaultRepositorySystemSession$NullAuthenticationSelector done
Event: 1.247 loading class org/eclipse/aether/DefaultRepositorySystemSession$NullArtifactTypeRegistry
Event: 1.247 loading class org/eclipse/aether/DefaultRepositorySystemSession$NullArtifactTypeRegistry done
Event: 1.247 loading class org/eclipse/aether/DefaultRepositorySystemSession$NullFileTransformerManager
Event: 1.247 loading class org/eclipse/aether/DefaultRepositorySystemSession$NullFileTransformerManager done
Event: 1.248 loading class org/eclipse/aether/transform/FileTransformerManager
Event: 1.248 loading class org/eclipse/aether/transform/FileTransformerManager done
Event: 1.248 loading class org/eclipse/aether/DefaultSessionData
Event: 1.248 loading class org/eclipse/aether/DefaultSessionData done
Event: 1.248 loading class org/eclipse/aether/util/graph/traverser/FatArtifactTraverser
Event: 1.248 loading class org/eclipse/aether/util/graph/traverser/FatArtifactTraverser done
Event: 1.248 loading class org/eclipse/aether/util/graph/manager/ClassicDependencyManager
Event: 1.248 loading class org/eclipse/aether/util/graph/manager/ClassicDependencyManager done
Event: 1.249 loading class org/eclipse/aether/util/graph/selector/AndDependencySelector
Event: 1.249 loading class org/eclipse/aether/util/graph/selector/AndDependencySelector done
Event: 1.249 loading class org/eclipse/aether/util/graph/selector/ScopeDependencySelector
Event: 1.249 loading class org/eclipse/aether/util/graph/selector/ScopeDependencySelector done
Event: 1.250 loading class org/eclipse/aether/util/graph/selector/OptionalDependencySelector
Event: 1.250 loading class org/eclipse/aether/util/graph/selector/OptionalDependencySelector done
Event: 1.250 loading class org/eclipse/aether/util/graph/selector/ExclusionDependencySelector
Event: 1.250 loading class org/eclipse/aether/util/graph/selector/ExclusionDependencySelector done
Event: 1.251 loading class org/eclipse/aether/graph/Exclusion
Event: 1.251 loading class org/eclipse/aether/graph/Exclusion done
Event: 1.251 loading class org/eclipse/aether/util/graph/transformer/ConflictResolver
Event: 1.251 loading class org/eclipse/aether/util/graph/transformer/ConflictResolver done
Event: 1.252 loading class org/eclipse/aether/collection/UnsolvableVersionConflictException
Event: 1.252 loading class org/eclipse/aether/collection/UnsolvableVersionConflictException done
Event: 1.252 loading class org/eclipse/aether/util/graph/transformer/ChainedDependencyGraphTransformer
Event: 1.252 loading class org/eclipse/aether/util/graph/transformer/ChainedDependencyGraphTransformer done
Event: 1.252 loading class org/eclipse/aether/util/graph/transformer/JavaDependencyContextRefiner
Event: 1.252 loading class org/eclipse/aether/util/graph/transformer/JavaDependencyContextRefiner done
Event: 1.253 loading class org/eclipse/aether/util/artifact/DefaultArtifactTypeRegistry
Event: 1.253 loading class org/eclipse/aether/util/artifact/DefaultArtifactTypeRegistry done
Event: 1.253 loading class org/eclipse/aether/util/artifact/SimpleArtifactTypeRegistry
Event: 1.253 loading class org/eclipse/aether/util/artifact/SimpleArtifactTypeRegistry done
Event: 1.254 loading class org/eclipse/aether/artifact/DefaultArtifactType
Event: 1.254 loading class org/eclipse/aether/artifact/DefaultArtifactType done
Event: 1.254 loading class org/eclipse/aether/util/repository/SimpleArtifactDescriptorPolicy
Event: 1.254 loading class org/eclipse/aether/util/repository/SimpleArtifactDescriptorPolicy done
Event: 1.255 loading class org/eclipse/aether/util/repository/SimpleResolutionErrorPolicy
Event: 1.255 loading class org/eclipse/aether/util/repository/SimpleResolutionErrorPolicy done
Event: 1.255 loading class org/apache/maven/RepositoryUtils
Event: 1.255 loading class org/apache/maven/RepositoryUtils done
Event: 1.256 loading class org/apache/maven/RepositoryUtils$MavenArtifactTypeRegistry
Event: 1.256 loading class org/apache/maven/RepositoryUtils$MavenArtifactTypeRegistry done
Event: 1.256 loading class org/eclipse/aether/internal/impl/PrioritizedComponents
Event: 1.256 loading class org/eclipse/aether/internal/impl/PrioritizedComponents done
Event: 1.257 loading class org/eclipse/aether/util/ConfigUtils
Event: 1.257 loading class org/eclipse/aether/util/ConfigUtils done
Event: 1.257 loading class org/eclipse/sisu/wire/EntrySetAdapter$ValueIterator
Event: 1.257 loading class org/eclipse/sisu/wire/EntrySetAdapter$ValueIterator done
Event: 1.257 loading class org/eclipse/aether/internal/impl/PrioritizedComponent
Event: 1.257 loading class org/eclipse/aether/internal/impl/PrioritizedComponent done
Event: 1.258 loading class java/util/ArrayList$SubList
Event: 1.258 loading class java/util/ArrayList$SubList done
Event: 1.258 loading class java/util/ArrayList$SubList$1
Event: 1.258 loading class java/util/ArrayList$SubList$1 done
Event: 1.258 loading class org/eclipse/aether/internal/impl/EnhancedLocalRepositoryManager
Event: 1.258 loading class org/eclipse/aether/internal/impl/EnhancedLocalRepositoryManager done
Event: 1.258 loading class org/eclipse/aether/internal/impl/SimpleLocalRepositoryManager
Event: 1.258 loading class org/eclipse/aether/internal/impl/SimpleLocalRepositoryManager done
Event: 1.259 loading class org/eclipse/aether/internal/impl/TrackingFileManager
Event: 1.259 loading class org/eclipse/aether/internal/impl/TrackingFileManager done
Event: 1.259 loading class java/nio/channels/OverlappingFileLockException
Event: 1.259 loading class java/nio/channels/OverlappingFileLockException done
Event: 1.259 loading class org/apache/maven/settings/crypto/DefaultSettingsDecryptionRequest
Event: 1.259 loading class org/apache/maven/settings/crypto/DefaultSettingsDecryptionRequest done
Event: 1.260 loading class org/apache/maven/settings/crypto/DefaultSettingsDecryptionResult
Event: 1.260 loading class org/apache/maven/settings/crypto/DefaultSettingsDecryptionResult done
Event: 1.260 loading class org/eclipse/aether/util/repository/DefaultMirrorSelector
Event: 1.260 loading class org/eclipse/aether/util/repository/DefaultMirrorSelector done
Event: 1.260 loading class org/eclipse/aether/util/repository/DefaultProxySelector
Event: 1.260 loading class org/eclipse/aether/util/repository/DefaultProxySelector done
Event: 1.260 loading class org/eclipse/aether/util/repository/DefaultAuthenticationSelector
Event: 1.260 loading class org/eclipse/aether/util/repository/DefaultAuthenticationSelector done
Event: 1.261 loading class org/eclipse/aether/util/repository/AuthenticationBuilder
Event: 1.261 loading class org/eclipse/aether/util/repository/AuthenticationBuilder done
Event: 1.261 loading class org/eclipse/aether/repository/Authentication
Event: 1.261 loading class org/eclipse/aether/repository/Authentication done
Event: 1.261 loading class org/eclipse/aether/util/repository/StringAuthentication
Event: 1.261 loading class org/eclipse/aether/util/repository/StringAuthentication done
Event: 1.261 loading class org/eclipse/aether/util/repository/SecretAuthentication
Event: 1.261 loading class org/eclipse/aether/util/repository/SecretAuthentication done
Event: 1.262 loading class org/eclipse/aether/util/repository/ChainedAuthentication
Event: 1.262 loading class org/eclipse/aether/util/repository/ChainedAuthentication done
Event: 1.262 loading class org/apache/maven/internal/aether/LoggingRepositoryListener
Event: 1.262 loading class org/apache/maven/internal/aether/LoggingRepositoryListener done
Event: 1.262 loading class org/eclipse/aether/AbstractRepositoryListener
Event: 1.262 loading class org/eclipse/aether/AbstractRepositoryListener done
Event: 1.262 loading class org/apache/maven/eventspy/internal/EventSpyRepositoryListener
Event: 1.262 loading class org/apache/maven/eventspy/internal/EventSpyRepositoryListener done
Event: 1.263 loading class org/eclipse/aether/repository/RemoteRepository$Builder
Event: 1.263 loading class org/eclipse/aether/repository/RemoteRepository$Builder done
Event: 1.264 loading class java/util/regex/Pattern$Pos
Event: 1.264 loading class java/util/regex/Pattern$Pos done
Event: 1.264 loading class org/apache/maven/settings/RuntimeInfo
Event: 1.264 loading class org/apache/maven/settings/RuntimeInfo done
Event: 1.265 loading class org/apache/maven/AbstractMavenLifecycleParticipant
Event: 1.265 loading class org/apache/maven/AbstractMavenLifecycleParticipant done
Event: 1.265 loading class org/apache/maven/lifecycle/internal/DefaultExecutionEvent
Event: 1.265 loading class org/apache/maven/lifecycle/internal/DefaultExecutionEvent done
Event: 1.265 loading class org/apache/maven/lifecycle/internal/DefaultExecutionEventCatapult$1
Event: 1.265 loading class org/apache/maven/lifecycle/internal/DefaultExecutionEventCatapult$1 done
Event: 1.265 loading class org/apache/maven/execution/ExecutionEvent$Type
Event: 1.265 loading class org/apache/maven/execution/ExecutionEvent$Type done
Event: 1.266 loading class org/apache/maven/shared/utils/logging/AnsiMessageBuilder
Event: 1.266 loading class org/apache/maven/shared/utils/logging/AnsiMessageBuilder done
Event: 1.266 loading class org/apache/maven/shared/utils/logging/MessageBuilder
Event: 1.266 loading class org/apache/maven/shared/utils/logging/MessageBuilder done
Event: 1.267 loading class org/apache/maven/shared/utils/logging/Style
Event: 1.267 loading class org/apache/maven/shared/utils/logging/Style done


Dynamic libraries:
0x00007ff74cb40000 - 0x00007ff74cbcb000 	D:\wangdehai\java-1.8.0-openjdk\bin\java.exe
0x00007ffee2760000 - 0x00007ffee294d000 	C:\Windows\SYSTEM32\ntdll.dll
0x00007ffee01b0000 - 0x00007ffee0263000 	C:\Windows\System32\KERNEL32.DLL
0x00007ffede910000 - 0x00007ffedeba4000 	C:\Windows\System32\KERNELBASE.dll
0x00007ffee0100000 - 0x00007ffee01a3000 	C:\Windows\System32\ADVAPI32.dll
0x00007ffee1f70000 - 0x00007ffee200e000 	C:\Windows\System32\msvcrt.dll
0x00007ffee0270000 - 0x00007ffee030e000 	C:\Windows\System32\sechost.dll
0x00007ffee0790000 - 0x00007ffee08b2000 	C:\Windows\System32\RPCRT4.dll
0x00007ffee1dd0000 - 0x00007ffee1f67000 	C:\Windows\System32\USER32.dll
0x00007ffedf8c0000 - 0x00007ffedf8e0000 	C:\Windows\System32\win32u.dll
0x00007ffee04c0000 - 0x00007ffee04e9000 	C:\Windows\System32\GDI32.dll
0x00007ffedf720000 - 0x00007ffedf8bc000 	C:\Windows\System32\gdi32full.dll
0x00007ffedf8e0000 - 0x00007ffedf980000 	C:\Windows\System32\msvcp_win.dll
0x00007ffedee40000 - 0x00007ffedef3a000 	C:\Windows\System32\ucrtbase.dll
0x00007ffed0a20000 - 0x00007ffed0c99000 	C:\Windows\WinSxS\amd64_microsoft.windows.common-controls_6595b64144ccf1df_6.0.17763.1457_none_de7243e4534a70d1\COMCTL32.dll
0x00007ffee2070000 - 0x00007ffee239d000 	C:\Windows\System32\combase.dll
0x00007ffedebe0000 - 0x00007ffedec5e000 	C:\Windows\System32\bcryptPrimitives.dll
0x00007ffee06e0000 - 0x00007ffee070e000 	C:\Windows\System32\IMM32.DLL
0x0000000059780000 - 0x0000000059852000 	D:\wangdehai\java-1.8.0-openjdk\jre\bin\msvcr100.dll
0x0000000058d80000 - 0x00000000596a6000 	D:\wangdehai\java-1.8.0-openjdk\jre\bin\server\jvm.dll
0x00007ffee0550000 - 0x00007ffee0558000 	C:\Windows\System32\PSAPI.DLL
0x00007ffed9380000 - 0x00007ffed938a000 	C:\Windows\SYSTEM32\VERSION.dll
0x00007ffeda5e0000 - 0x00007ffeda5e9000 	C:\Windows\SYSTEM32\WSOCK32.dll
0x00007ffedcaf0000 - 0x00007ffedcb14000 	C:\Windows\SYSTEM32\WINMM.dll
0x00007ffee0710000 - 0x00007ffee077d000 	C:\Windows\System32\WS2_32.dll
0x00007ffedc980000 - 0x00007ffedc9ad000 	C:\Windows\SYSTEM32\WINMMBASE.dll
0x00007ffede810000 - 0x00007ffede85a000 	C:\Windows\System32\cfgmgr32.dll
0x00007ffed0dc0000 - 0x00007ffed0dcf000 	D:\wangdehai\java-1.8.0-openjdk\jre\bin\verify.dll
0x00007ffece770000 - 0x00007ffece799000 	D:\wangdehai\java-1.8.0-openjdk\jre\bin\java.dll
0x00007ffeb66c0000 - 0x00007ffeb66e3000 	D:\wangdehai\java-1.8.0-openjdk\jre\bin\instrument.dll
0x00007ffecfb50000 - 0x00007ffecfb66000 	D:\wangdehai\java-1.8.0-openjdk\jre\bin\zip.dll
0x00007ffee08d0000 - 0x00007ffee1dc9000 	C:\Windows\System32\SHELL32.dll
0x00007ffee0630000 - 0x00007ffee06d9000 	C:\Windows\System32\shcore.dll
0x00007ffedefc0000 - 0x00007ffedf712000 	C:\Windows\System32\windows.storage.dll
0x00007ffede7e0000 - 0x00007ffede804000 	C:\Windows\System32\profapi.dll
0x00007ffede760000 - 0x00007ffede7bd000 	C:\Windows\System32\powrprof.dll
0x00007ffedf980000 - 0x00007ffedf9d2000 	C:\Windows\System32\shlwapi.dll
0x00007ffede7c0000 - 0x00007ffede7d1000 	C:\Windows\System32\kernel.appcore.dll
0x00007ffedefa0000 - 0x00007ffedefb7000 	C:\Windows\System32\cryptsp.dll
0x00007ffebd1c0000 - 0x00007ffebd1da000 	D:\Program Files\JetBrains\IntelliJ IDEA 2020.1\bin\breakgen64.dll
0x00007ffecf800000 - 0x00007ffecf81a000 	D:\wangdehai\java-1.8.0-openjdk\jre\bin\net.dll
0x00007ffeddf40000 - 0x00007ffeddfa7000 	C:\Windows\system32\mswsock.dll
0x00007ffeddac0000 - 0x00007ffeddaf3000 	C:\Windows\system32\rsaenh.dll
0x00007ffedebb0000 - 0x00007ffedebd6000 	C:\Windows\System32\bcrypt.dll
0x00007ffede630000 - 0x00007ffede658000 	C:\Windows\SYSTEM32\USERENV.dll
0x00007ffede170000 - 0x00007ffede17c000 	C:\Windows\SYSTEM32\CRYPTBASE.dll
0x00007ffeddc60000 - 0x00007ffeddc9d000 	C:\Windows\SYSTEM32\IPHLPAPI.DLL
0x00007ffee0780000 - 0x00007ffee0788000 	C:\Windows\System32\NSI.dll
0x00007ffed7580000 - 0x00007ffed7596000 	C:\Windows\SYSTEM32\dhcpcsvc6.DLL
0x00007ffed8de0000 - 0x00007ffed8dfc000 	C:\Windows\SYSTEM32\dhcpcsvc.DLL
0x00007ffeddca0000 - 0x00007ffeddd67000 	C:\Windows\SYSTEM32\DNSAPI.dll
0x00007ffecf790000 - 0x00007ffecf7a1000 	D:\wangdehai\java-1.8.0-openjdk\jre\bin\nio.dll
0x00007ffec86f0000 - 0x00007ffec86fa000 	C:\Users\Administrator\AppData\Local\Temp\jansi-1.17.1-8636082948031983141.dll
0x00007ffec2930000 - 0x00007ffec293a000 	C:\Users\Administrator\AppData\Local\Temp\jansi-1.17.1-4255186469722492473.dll

VM Arguments:
jvm_args: -Dmaven.multiModuleProjectDirectory=E:\idea-set -Dmaven.home=D:\Program Files\JetBrains\IntelliJ IDEA 2020.1\plugins\maven\lib\maven3 -Dclassworlds.conf=D:\Program Files\JetBrains\IntelliJ IDEA 2020.1\plugins\maven\lib\maven3\bin\m2.conf -Dmaven.ext.class.path=D:\Program Files\JetBrains\IntelliJ IDEA 2020.1\plugins\maven\lib\maven-event-listener.jar -javaagent:D:\Program Files\JetBrains\IntelliJ IDEA 2020.1\lib\idea_rt.jar=55535:D:\Program Files\JetBrains\IntelliJ IDEA 2020.1\bin -Dfile.encoding=UTF-8 
java_command: org.codehaus.classworlds.Launcher -Didea.version2020.1.2 test
java_class_path (initial): D:\Program Files\JetBrains\IntelliJ IDEA 2020.1\plugins\maven\lib\maven3\boot\plexus-classworlds-2.6.0.jar;D:\Program Files\JetBrains\IntelliJ IDEA 2020.1\plugins\maven\lib\maven3\boot\plexus-classworlds.license;D:\Program Files\JetBrains\IntelliJ IDEA 2020.1\lib\idea_rt.jar
Launcher Type: SUN_STANDARD

Environment Variables:
JAVA_HOME=D:\wangdehai\java-1.8.0-openjdk
PATH=D:\Program Files (x86)\NetSarang\Xshell 6\;C:\Windows\system32;C:\Windows;C:\Windows\System32\Wbem;C:\Windows\System32\WindowsPowerShell\v1.0\;C:\Windows\System32\OpenSSH\;C:\Program Files\Git\cmd;D:\wangdehai\java-1.8.0-openjdk\bin;d:\Program Files\IDM Computer Solutions\UltraEdit;C:\Program Files\IDM Computer Solutions\UltraCompare;d:\Program Files (x86)\GNU\GnuPG\pub;D:\Program Files\nodejs\;D:\Program Files (x86)\Yarn\bin\;E:\maven\apache-maven-3.5.2\bin;E:\gradle\gradle-6.6\bin;D:\wangdehai\lua;D:\Go\bin;C:\Users\Administrator\AppData\Local\Microsoft\WindowsApps;C:\Users\Administrator\AppData\Roaming\npm;C:\Users\Administrator\AppData\Local\Yarn\bin;d:\Users\Administrator\AppData\Local\Programs\Microsoft VS Code\bin;C:\Users\Administrator\AppData\Local\Programs\Fiddler;C:\Users\Administrator\go\bin
USERNAME=Administrator
OS=Windows_NT
PROCESSOR_IDENTIFIER=Intel64 Family 6 Model 158 Stepping 9, GenuineIntel



---------------  S Y S T E M  ---------------

OS: Windows 10.0 , 64 bit Build 17763 (10.0.17763.475)

CPU:total 8 (initial active 8) (4 cores per cpu, 2 threads per core) family 6 model 158 stepping 9, cmov, cx8, fxsr, mmx, sse, sse2, sse3, ssse3, sse4.1, sse4.2, popcnt, avx, avx2, aes, clmul, erms, rtm, 3dnowpref, lzcnt, ht, tsc, tscinvbit, bmi1, bmi2, adx

Memory: 4k page, physical 16660156k(3206572k free), swap 16660156k(5156k free)

vm_info: OpenJDK 64-Bit Server VM (25.265-b01) for windows-amd64 JRE (1.8.0_265-b01), built on Aug  5 2020 06:56:30 by "build" with MS VC++ 10.0 (VS2010)

time: Tue Sep 22 17:27:30 2020
timezone: 
elapsed time: 1 seconds (0d 0h 0m 1s)

